Flutter crash report.
Please report a bug at https://github.com/flutter/flutter/issues.

## command

flutter run

## exception

NoSuchMethodError: NoSuchMethodError: The getter 'assetPathsToEvict' was called on null.
Receiver: null
Tried calling: assetPathsToEvict

```
#0      Object.noSuchMethod (dart:core-patch/object_patch.dart:54:5)
#1      HotRunner._resetDirtyAssets (package:flutter_tools/src/run_hot.dart:436:20)
#2      HotRunner._restartFromSources (package:flutter_tools/src/run_hot.dart:499:5)
<asynchronous suspension>
#3      HotRunner._fullRestartHelper (package:flutter_tools/src/run_hot.dart:689:16)
<asynchronous suspension>
#4      HotRunner.restart (package:flutter_tools/src/run_hot.dart:637:38)
<asynchronous suspension>
#5      TerminalHandler._commonTerminalInputHandler (package:flutter_tools/src/resident_runner.dart:1602:40)
<asynchronous suspension>
#6      TerminalHandler.processTerminalInput (package:flutter_tools/src/resident_runner.dart:1644:7)
<asynchronous suspension>
```

## flutter doctor

```
[✓] Flutter (Channel stable, 2.2.3, on Microsoft Windows [Version 10.0.19042.1165], locale ru-RU)
    • Flutter version 2.2.3 at C:\src\flutter
    • Framework revision f4abaa0735 (9 weeks ago), 2021-07-01 12:46:11 -0700
    • Engine revision 241c87ad80
    • Dart version 2.13.4

[✓] Android toolchain - develop for Android devices (Android SDK version 31.0.0)
    • Android SDK at C:\Users\beksr\AppData\Local\Android\sdk
    • Platform android-31, build-tools 31.0.0
    • Java binary at: C:\Program Files\Android\Android Studio\jre\bin\java
    • Java version OpenJDK Runtime Environment (build 11.0.10+0-b96-7249189)
    • All Android licenses accepted.

[✓] Chrome - develop for the web
    • Chrome at C:\Program Files (x86)\Google\Chrome\Application\chrome.exe

[!] Visual Studio - develop for Windows (Visual Studio Community 2019 16.9.4)
    • Visual Studio at C:\Program Files (x86)\Microsoft Visual Studio\2019\Community
    • Visual Studio Community 2019 version 16.9.31205.134
    ✗ Visual Studio is missing necessary components. Please re-run the Visual Studio installer for the "Desktop development with C++" workload, and
      include these components:
        MSVC v142 - VS 2019 C++ x64/x86 build tools
         - If there are multiple build tool versions available, install the latest
        C++ CMake tools for Windows
        Windows 10 SDK

[✓] Android Studio (version 4.1.0)
    • Android Studio at C:\Program Files\Android\Android Studio
    • Flutter plugin can be installed from:
      🔨 https://plugins.jetbrains.com/plugin/9212-flutter
    • Dart plugin can be installed from:
      🔨 https://plugins.jetbrains.com/plugin/6351-dart
    • Java version OpenJDK Runtime Environment (build 11.0.10+0-b96-7249189)

[✓] VS Code (version 1.60.0)
    • VS Code at C:\Users\beksr\AppData\Local\Programs\Microsoft VS Code
    • Flutter extension version 3.26.0

[✓] Connected device (4 available)
    • SM G950F (mobile) • ce0517151444a04d0c • android-arm64  • Android 9 (API 28)
    • Windows (desktop) • windows            • windows-x64    • Microsoft Windows [Version 10.0.19042.1165]
    • Chrome (web)      • chrome             • web-javascript • Google Chrome 92.0.4515.159
    • Edge (web)        • edge               • web-javascript • Microsoft Edge 92.0.902.84

! Doctor found issues in 1 category.
```
